2023-10-15 11:09:35,174 INFO o.a.j.u.JMeterUtils: Setting Locale to en_EN
2023-10-15 11:09:35,182 INFO o.a.j.JMeter: Loading user properties from: C:\JMeter\apache-jmeter-5.5\bin\user.properties
2023-10-15 11:09:35,182 INFO o.a.j.JMeter: Loading system properties from: C:\JMeter\apache-jmeter-5.5\bin\system.properties
2023-10-15 11:09:35,187 INFO o.a.j.JMeter: Copyright (c) 1998-2022 The Apache Software Foundation
2023-10-15 11:09:35,187 INFO o.a.j.JMeter: Version 5.5
2023-10-15 11:09:35,188 INFO o.a.j.JMeter: java.version=1.8.0_381
2023-10-15 11:09:35,188 INFO o.a.j.JMeter: java.vm.name=Java HotSpot(TM) Client VM
2023-10-15 11:09:35,198 INFO o.a.j.JMeter: os.name=Windows 10
2023-10-15 11:09:35,198 INFO o.a.j.JMeter: os.arch=x86
2023-10-15 11:09:35,198 INFO o.a.j.JMeter: os.version=10.0
2023-10-15 11:09:35,198 INFO o.a.j.JMeter: file.encoding=Cp1252
2023-10-15 11:09:35,198 INFO o.a.j.JMeter: java.awt.headless=null
2023-10-15 11:09:35,198 INFO o.a.j.JMeter: Max memory     =1073741824
2023-10-15 11:09:35,198 INFO o.a.j.JMeter: Available Processors =8
2023-10-15 11:09:35,200 INFO o.a.j.JMeter: Default Locale=English (EN)
2023-10-15 11:09:35,200 INFO o.a.j.JMeter: JMeter  Locale=English (EN)
2023-10-15 11:09:35,200 INFO o.a.j.JMeter: JMeterHome=C:\JMeter\apache-jmeter-5.5
2023-10-15 11:09:35,200 INFO o.a.j.JMeter: user.dir  =C:\SEBI\_github\Frequentis
2023-10-15 11:09:35,201 INFO o.a.j.JMeter: PWD       =C:\SEBI\_github\Frequentis
2023-10-15 11:09:35,202 INFO o.a.j.JMeter: IP: 192.168.1.8 Name: EPROBUCW00F1 FullName: EPROBUCW00F1
2023-10-15 11:09:35,213 INFO o.a.j.JMeter: Loaded icon properties from org/apache/jmeter/images/icon.properties
2023-10-15 11:09:35,302 INFO o.a.j.JMeterGuiLauncher: Setting LAF to: com.github.weisj.darklaf.DarkLaf:com.github.weisj.darklaf.theme.DarculaTheme
2023-10-15 11:09:36,662 INFO o.j.r.JARSourceHTTP: Found cached repo
2023-10-15 11:09:36,812 INFO o.j.r.PluginManager: Plugins Status: [jpgc-dummy=0.4, jpgc-plugins-manager=1.10, bzm-random-csv=0.8, jmeter-core=5.5, jmeter-ftp=5.5, jmeter-http=5.5, jmeter-jdbc=5.5, jmeter-jms=5.5, jmeter-junit=5.5, jmeter-java=5.5, jmeter-ldap=5.5, jmeter-mail=5.5, jmeter-mongodb=5.5, jmeter-native=5.5, jmeter-tcp=5.5, jmeter-components=5.5]
2023-10-15 11:09:37,592 INFO o.a.j.JMeterGuiLauncher: Loading file: scraper_frequentis_v4.jmx
2023-10-15 11:09:37,595 INFO o.a.j.s.FileServer: Default base='C:\SEBI\_github\Frequentis'
2023-10-15 11:09:37,596 INFO o.a.j.s.FileServer: Set new base='C:\SEBI\_github\Frequentis'
2023-10-15 11:09:37,692 INFO o.a.j.s.SaveService: Testplan (JMX) version: 2.2. Testlog (JTL) version: 2.2
2023-10-15 11:09:37,700 INFO o.a.j.s.SaveService: Using SaveService properties file encoding UTF-8
2023-10-15 11:09:37,701 INFO o.a.j.s.SaveService: Using SaveService properties version 5.0
2023-10-15 11:09:37,703 INFO o.a.j.s.SaveService: Loading file: scraper_frequentis_v4.jmx
2023-10-15 11:09:37,796 INFO o.a.j.p.h.s.HTTPSamplerBase: Parser for text/html is org.apache.jmeter.protocol.http.parser.LagartoBasedHtmlParser
2023-10-15 11:09:37,796 INFO o.a.j.p.h.s.HTTPSamplerBase: Parser for application/xhtml+xml is org.apache.jmeter.protocol.http.parser.LagartoBasedHtmlParser
2023-10-15 11:09:37,796 INFO o.a.j.p.h.s.HTTPSamplerBase: Parser for application/xml is org.apache.jmeter.protocol.http.parser.LagartoBasedHtmlParser
2023-10-15 11:09:37,796 INFO o.a.j.p.h.s.HTTPSamplerBase: Parser for text/xml is org.apache.jmeter.protocol.http.parser.LagartoBasedHtmlParser
2023-10-15 11:09:37,796 INFO o.a.j.p.h.s.HTTPSamplerBase: Parser for text/vnd.wap.wml is org.apache.jmeter.protocol.http.parser.RegexpHTMLParser
2023-10-15 11:09:37,796 INFO o.a.j.p.h.s.HTTPSamplerBase: Parser for text/css is org.apache.jmeter.protocol.http.parser.CssParser
2023-10-15 11:09:37,852 INFO o.a.j.s.FileServer: Set new base='C:\SEBI\_github\Frequentis'
2023-10-15 11:09:38,096 INFO o.a.j.s.SampleResult: Note: Sample TimeStamps are START times
2023-10-15 11:09:38,096 INFO o.a.j.s.SampleResult: sampleresult.default.encoding is set to ISO-8859-1
2023-10-15 11:09:38,096 INFO o.a.j.s.SampleResult: sampleresult.useNanoTime=true
2023-10-15 11:09:38,097 INFO o.a.j.s.SampleResult: sampleresult.nanoThreadSleep=5000
2023-10-15 11:09:41,507 INFO o.a.j.g.JMeterUIDefaults: Applying font scale factor: 1.1
2023-10-15 11:09:43,451 INFO o.a.j.g.JMeterUIDefaults: Applying font scale factor: 1.21
2023-10-15 11:09:45,494 INFO o.a.j.g.JMeterUIDefaults: Applying font scale factor: 1.3310001
2023-10-15 11:09:52,670 INFO o.a.j.p.h.g.a.ParseCurlCommandAction: Parsed CURL command curl -X 'POST' \
  'https://api.peviitor.ro/v1/logo/add/' \
  -H 'accept: */*' \
  -H 'Content-Type: application/json' \
  -d '[
  {
    "id": "Frequentis",
    "logo": "https://www.frequentis.com/themes/custom/frequentis/images/social/fb_default.jpg"
  }
]' into Request [compressed=false, url=https://api.peviitor.ro/v1/logo/add/, method=POST, headers=[(accept,*/*), (Content-Type,application/json)]]
2023-10-15 11:09:52,671 INFO o.a.j.p.h.g.a.ParseCurlCommandAction: Newly created element will be placed under current selected node  ===   PUSH data to Search Engine  ====
